<?xml version="1.0" encoding="UTF-8"?>
<!-- Generated by org.testng.reporters.JUnitReportReporter -->
<testsuite hostname="DESKTOP-3SJ6CNC" failures="0" tests="1"
	name="testing.Test2" time="0.001" errors="0"
	timestamp="2023-03-13T16:21:59 CET" skipped="0">
	<testcase classname="testing.Test2" name="test3" time="0.001" />
	<system-out />
</testsuite> <!-- testing.Test2 -->
