<?xml version="1.0" encoding="UTF-8"?>
<!-- Generated by org.testng.reporters.JUnitReportReporter -->
<testsuite hostname="DESKTOP-3SJ6CNC" failures="0" tests="1"
	name="testComponent.tests.ErrorValidationTest" time="4.865" errors="0"
	timestamp="2023-03-22T15:13:08 CET" skipped="0">
	<testcase classname="testComponent.tests.ErrorValidationTest"
		name="LoginErrorValidation" time="4.865" />
	<system-out />
</testsuite> <!-- testComponent.tests.ErrorValidationTest -->
