<?xml version="1.0" encoding="UTF-8"?>
<!-- Generated by org.testng.reporters.JUnitReportReporter -->
<testsuite hostname="DESKTOP-3SJ6CNC" failures="0" tests="1"
	name="cucumber.TestNGTestRunner" time="18.588" errors="0"
	timestamp="2023-03-24T14:34:00 CET" skipped="0">
	<testcase classname="cucumber.TestNGTestRunner"
		name="runScenario" time="18.588" />
	<system-out />
</testsuite> <!-- cucumber.TestNGTestRunner -->
