<?xml version="1.0" encoding="UTF-8"?>
<!-- Generated by org.testng.reporters.JUnitReportReporter -->
<testsuite hostname="DESKTOP-3SJ6CNC" failures="0" tests="2"
	name="tests.ErrorValidationTest" time="19.423" errors="0"
	timestamp="2023-03-21T13:29:01 CET" skipped="0">
	<testcase classname="tests.ErrorValidationTest"
		name="ProductErrorValidation" time="14.518" />
	<system-out />
	<testcase classname="tests.ErrorValidationTest"
		name="LoginErrorValidation" time="4.905" />
	<system-out />
</testsuite> <!-- tests.ErrorValidationTest -->
