<?xml version="1.0" encoding="UTF-8"?>
<!-- Generated by org.testng.reporters.JUnitReportReporter -->
<testsuite hostname="DESKTOP-3SJ6CNC" failures="0" tests="2" name="framework.StandAloneTest" time="24.941" errors="0" timestamp="2023-03-20T16:05:55 CET" skipped="0">
  <testcase classname="framework.StandAloneTest" name="submitOrder" time="17.498"/>
  <system-out/>
  <testcase classname="framework.StandAloneTest" name="OrderHistoryTest" time="7.443"/>
  <system-out/>
</testsuite> <!-- framework.StandAloneTest -->
