<?xml version="1.0" encoding="UTF-8"?>
<!-- Generated by org.testng.reporters.JUnitReportReporter -->
<testsuite hostname="DESKTOP-3SJ6CNC" failures="0" tests="2"
	name="testing.Test1" time="0.014" errors="0"
	timestamp="2023-03-13T16:21:59 CET" skipped="0">
	<testcase classname="testing.Test1" name="test1" time="0.013" />
	<system-out />
	<testcase classname="testing.Test1" name="test2" time="0.001" />
	<system-out />
</testsuite> <!-- testing.Test1 -->
