<?xml version="1.0" encoding="UTF-8"?>
<!-- Generated by org.testng.reporters.JUnitReportReporter -->
<testsuite hostname="DESKTOP-3SJ6CNC" failures="0" tests="3"
	name="dataDriver.excelDataProvider.dataProvider" time="0.008"
	errors="0" timestamp="2023-03-27T17:06:25 CEST" skipped="0">
	<testcase
		classname="dataDriver.excelDataProvider.dataProvider"
		name="testCaseData" time="0.002" />
	<system-out />
	<testcase
		classname="dataDriver.excelDataProvider.dataProvider"
		name="testCaseData" time="0.001" />
	<system-out />
	<testcase
		classname="dataDriver.excelDataProvider.dataProvider"
		name="testCaseData" time="0.005" />
	<system-out />
</testsuite> <!-- dataDriver.excelDataProvider.dataProvider -->
