<?xml version="1.0" encoding="UTF-8"?>
<!-- Generated by org.testng.reporters.JUnitReportReporter -->
<testsuite hostname="DESKTOP-3SJ6CNC" failures="0" tests="1" name="testing.JavaStreaming" time="0.002" errors="0" timestamp="2023-03-14T14:46:22 CET" skipped="0">
  <testcase classname="testing.JavaStreaming" name="streamCollect" time="0.002"/>
  <system-out/>
</testsuite> <!-- testing.JavaStreaming -->
