<?xml version="1.0" encoding="UTF-8"?>
<!-- Generated by org.testng.reporters.JUnitReportReporter -->
<testsuite hostname="DESKTOP-3SJ6CNC" failures="0" tests="1"
	name="PS.PS1" time="0.014" errors="0"
	timestamp="2023-03-15T15:39:04 CET" skipped="0">
	<testcase classname="PS.PS1" name="testRun" time="0.014" />
	<system-out />
</testsuite> <!-- PS.PS1 -->
