<?xml version="1.0" encoding="UTF-8"?>
<!-- Generated by org.testng.reporters.JUnitReportReporter -->
<testsuite hostname="DESKTOP-3SJ6CNC" failures="0" tests="1" name="framework.ErrorValidationTest" time="18.090" errors="0" timestamp="2023-03-20T16:16:16 CET" skipped="0">
  <testcase classname="framework.ErrorValidationTest" name="ProductErrorValidation" time="18.090"/>
  <system-out/>
</testsuite> <!-- framework.ErrorValidationTest -->
