<?xml version="1.0" encoding="UTF-8"?>
<!-- Generated by org.testng.reporters.JUnitReportReporter -->
<testsuite hostname="DESKTOP-3SJ6CNC" failures="0" tests="2"
	name="tests.StandAloneTest" time="35.237" errors="0"
	timestamp="2023-03-21T13:30:54 CET" skipped="0">
	<testcase classname="tests.StandAloneTest" name="submitOrder"
		time="15.820" />
	<system-out />
	<testcase classname="tests.StandAloneTest" name="submitOrder"
		time="19.417" />
	<system-out />
</testsuite> <!-- tests.StandAloneTest -->
