<?xml version="1.0" encoding="UTF-8"?>
<!-- Generated by org.testng.reporters.JUnitReportReporter -->
<testsuite hostname="DESKTOP-3SJ6CNC" failures="0" tests="3"
	name="framework.StandAloneTest" time="36.779" errors="0"
	timestamp="2023-03-21T12:21:35 CET" skipped="0">
	<testcase classname="framework.StandAloneTest"
		name="submitOrder" time="15.410" />
	<system-out />
	<testcase classname="framework.StandAloneTest"
		name="submitOrder" time="17.509" />
	<system-out />
	<testcase classname="framework.StandAloneTest"
		name="OrderHistoryTest" time="3.860" />
	<system-out />
</testsuite> <!-- framework.StandAloneTest -->
