<?xml version="1.0" encoding="UTF-8"?>
<!-- Generated by org.testng.reporters.JUnitReportReporter -->
<testsuite hostname="DESKTOP-3SJ6CNC" failures="0" tests="1"
	name="extentReports.ExtentReportDemo" time="5.824" errors="0"
	timestamp="2023-03-21T13:50:02 CET" skipped="0">
	<testcase classname="extentReports.ExtentReportDemo"
		name="initialDemo" time="5.824" />
	<system-out />
</testsuite> <!-- extentReports.ExtentReportDemo -->
