<?xml version="1.0" encoding="UTF-8"?>
<!-- Generated by org.testng.reporters.JUnitReportReporter -->
<testsuite hostname="DESKTOP-3SJ6CNC" failures="0" tests="6" name="testing.Day3" time="0.026" errors="0" timestamp="2023-03-21T13:30:07 CET" skipped="1">
  <testcase classname="testing.Day3" name="MobileLogincarLoan" time="0.003"/>
  <system-out/>
  <testcase classname="testing.Day3" name="WebloginCarLoan" time="0.007"/>
  <system-out/>
  <testcase classname="testing.Day3" name="MobilesignoutcarLoan" time="0.002"/>
  <system-out/>
  <testcase classname="testing.Day3" name="MobilesignoutcarLoan" time="0.007"/>
  <system-out/>
  <testcase classname="testing.Day3" name="MobilesignoutcarLoan" time="0.007"/>
  <system-out/>
  <testcase classname="testing.Day3" name="MobilesignimcarLoan">
    <skipped/>
  </testcase> <!-- MobilesignimcarLoan -->
  <system-out/>
</testsuite> <!-- testing.Day3 -->
