<?xml version="1.0" encoding="UTF-8"?>
<!-- Generated by org.testng.reporters.JUnitReportReporter -->
<testsuite hostname="DESKTOP-3SJ6CNC" failures="0" tests="2"
	name="testComponent.tests.ErrorValidationTest" time="32.635" errors="0"
	timestamp="2023-03-22T16:49:56 CET" skipped="0">
	<testcase classname="testComponent.tests.ErrorValidationTest"
		name="ProductErrorValidation" time="26.864" />
	<system-out />
	<testcase classname="testComponent.tests.ErrorValidationTest"
		name="LoginErrorValidation" time="5.771" />
	<system-out />
</testsuite> <!-- testComponent.tests.ErrorValidationTest -->
