<?xml version="1.0" encoding="UTF-8"?>
<!-- Generated by org.testng.reporters.JUnitReportReporter -->
<testsuite hostname="DESKTOP-3SJ6CNC" failures="0" tests="6"
	name="testing.Day3" time="0.009" errors="0"
	timestamp="2023-03-22T15:02:56 CET" skipped="1">
	<testcase classname="testing.Day3" name="WebloginCarLoan"
		time="0.000" />
	<system-out />
	<testcase classname="testing.Day3" name="MobilesignoutcarLoan"
		time="0.001" />
	<system-out />
	<testcase classname="testing.Day3" name="MobilesignoutcarLoan"
		time="0.002" />
	<system-out />
	<testcase classname="testing.Day3" name="MobilesignoutcarLoan"
		time="0.002" />
	<system-out />
	<testcase classname="testing.Day3" name="MobileLogincarLoan"
		time="0.004" />
	<system-out />
	<testcase classname="testing.Day3" name="MobilesignimcarLoan">
		<skipped />
	</testcase> <!-- MobilesignimcarLoan -->
	<system-out />
</testsuite> <!-- testing.Day3 -->
