<?xml version="1.0" encoding="UTF-8"?>
<!-- Generated by org.testng.reporters.JUnitReportReporter -->
<testsuite hostname="DESKTOP-3SJ6CNC" failures="0" tests="3"
	name="testComponent.tests.SubmitOrderTest" time="37.014" errors="0"
	timestamp="2023-03-22T16:49:56 CET" skipped="0">
	<testcase classname="testComponent.tests.SubmitOrderTest"
		name="OrderHistoryTest" time="4.287" />
	<system-out />
	<testcase classname="testComponent.tests.SubmitOrderTest"
		name="submitOrder" time="16.966" />
	<system-out />
	<testcase classname="testComponent.tests.SubmitOrderTest"
		name="submitOrder" time="15.761" />
	<system-out />
</testsuite> <!-- testComponent.tests.SubmitOrderTest -->
